<?xml version="1.0" encoding="UTF-8"?>
<!-- Generated by org.testng.reporters.JUnitXMLReporter -->
<testsuite hostname="DESKTOP-PU2MSOE" ignored="0" name="Smoke Tests" tests="3" failures="1" timestamp="2020-04-28T19:57:56 IST" time="24.05" errors="0">
  <testcase name="testFailed" time="0.069" classname="hms.tests.TestClassUsingListener">
    <failure type="java.lang.AssertionError" message="Executing Fail Method">
      <![CDATA[java.lang.AssertionError: Executing Fail Method
at hms.tests.TestClassUsingListener.testFailed(TestClassUsingListener.java:47)
at java.util.ArrayList.forEach(ArrayList.java:1257)
... Removed 28 stack frames]]>
    </failure>
  </testcase> <!-- testFailed -->
  <testcase name="testSkipped" time="0.002" classname="hms.tests.TestClassUsingListener">
    <skipped/>
  </testcase> <!-- testSkipped -->
  <testcase name="testSuccessfull" time="0.003" classname="hms.tests.TestClassUsingListener"/>
</testsuite> <!-- Smoke Tests -->
