<?xml version="1.0" encoding="UTF-8"?>
<testng-results skipped="1" failed="1" ignored="0" total="3" passed="1">
  <reporter-output>
  </reporter-output>
  <suite name="HMS Somke Regression Suite" duration-ms="24050" started-at="2020-04-28T19:57:32 IST" finished-at="2020-04-28T19:57:56 IST">
    <groups>
    </groups>
    <test name="Smoke Tests" duration-ms="24050" started-at="2020-04-28T19:57:32 IST" finished-at="2020-04-28T19:57:56 IST">
      <class name="hms.tests.TestClassUsingListener">
        <test-method status="PASS" signature="beforeClass()[pri:0, instance:hms.tests.TestClassUsingListener@3d8314f0]" name="beforeClass" is-config="true" duration-ms="22292" started-at="2020-04-28T19:57:32 IST" finished-at="2020-04-28T19:57:54 IST">
          <reporter-output>
          </reporter-output>
        </test-method> <!-- beforeClass -->
        <test-method status="FAIL" signature="testFailed()[pri:0, instance:hms.tests.TestClassUsingListener@3d8314f0]" name="testFailed" duration-ms="69" started-at="2020-04-28T19:57:54 IST" finished-at="2020-04-28T19:57:54 IST">
          <exception class="java.lang.AssertionError">
            <message>
              <![CDATA[Executing Fail Method]]>
            </message>
            <full-stacktrace>
              <![CDATA[java.lang.AssertionError: Executing Fail Method
at org.testng.Assert.fail(Assert.java:97)
at hms.tests.TestClassUsingListener.testFailed(TestClassUsingListener.java:47)
at sun.reflect.NativeMethodAccessorImpl.invoke0(Native Method)
at sun.reflect.NativeMethodAccessorImpl.invoke(NativeMethodAccessorImpl.java:62)
at sun.reflect.DelegatingMethodAccessorImpl.invoke(DelegatingMethodAccessorImpl.java:43)
at java.lang.reflect.Method.invoke(Method.java:498)
at org.testng.internal.MethodInvocationHelper.invokeMethod(MethodInvocationHelper.java:133)
at org.testng.internal.TestInvoker.invokeMethod(TestInvoker.java:584)
at org.testng.internal.TestInvoker.invokeTestMethod(TestInvoker.java:172)
at org.testng.internal.MethodRunner.runInSequence(MethodRunner.java:46)
at org.testng.internal.TestInvoker$MethodInvocationAgent.invoke(TestInvoker.java:804)
at org.testng.internal.TestInvoker.invokeTestMethods(TestInvoker.java:145)
at org.testng.internal.TestMethodWorker.invokeTestMethods(TestMethodWorker.java:146)
at org.testng.internal.TestMethodWorker.run(TestMethodWorker.java:128)
at java.util.ArrayList.forEach(ArrayList.java:1257)
at org.testng.TestRunner.privateRun(TestRunner.java:770)
at org.testng.TestRunner.run(TestRunner.java:591)
at org.testng.SuiteRunner.runTest(SuiteRunner.java:402)
at org.testng.SuiteRunner.runSequentially(SuiteRunner.java:396)
at org.testng.SuiteRunner.privateRun(SuiteRunner.java:355)
at org.testng.SuiteRunner.run(SuiteRunner.java:304)
at org.testng.SuiteRunnerWorker.runSuite(SuiteRunnerWorker.java:53)
at org.testng.SuiteRunnerWorker.run(SuiteRunnerWorker.java:96)
at org.testng.TestNG.runSuitesSequentially(TestNG.java:1180)
at org.testng.TestNG.runSuitesLocally(TestNG.java:1102)
at org.testng.TestNG.runSuites(TestNG.java:1032)
at org.testng.TestNG.run(TestNG.java:1000)
at org.testng.remote.AbstractRemoteTestNG.run(AbstractRemoteTestNG.java:115)
at org.testng.remote.RemoteTestNG.initAndRun(RemoteTestNG.java:251)
at org.testng.remote.RemoteTestNG.main(RemoteTestNG.java:77)
]]>
            </full-stacktrace>
          </exception> <!-- java.lang.AssertionError -->
          <reporter-output>
          </reporter-output>
        </test-method> <!-- testFailed -->
        <test-method status="SKIP" signature="testSkipped()[pri:0, instance:hms.tests.TestClassUsingListener@3d8314f0]" name="testSkipped" duration-ms="2" started-at="2020-04-28T19:57:55 IST" finished-at="2020-04-28T19:57:55 IST">
          <exception class="org.testng.SkipException">
            <message>
              <![CDATA[Executing Skip Method]]>
            </message>
            <full-stacktrace>
              <![CDATA[org.testng.SkipException: Executing Skip Method
at hms.tests.TestClassUsingListener.testSkipped(TestClassUsingListener.java:55)
at sun.reflect.NativeMethodAccessorImpl.invoke0(Native Method)
at sun.reflect.NativeMethodAccessorImpl.invoke(NativeMethodAccessorImpl.java:62)
at sun.reflect.DelegatingMethodAccessorImpl.invoke(DelegatingMethodAccessorImpl.java:43)
at java.lang.reflect.Method.invoke(Method.java:498)
at org.testng.internal.MethodInvocationHelper.invokeMethod(MethodInvocationHelper.java:133)
at org.testng.internal.TestInvoker.invokeMethod(TestInvoker.java:584)
at org.testng.internal.TestInvoker.invokeTestMethod(TestInvoker.java:172)
at org.testng.internal.MethodRunner.runInSequence(MethodRunner.java:46)
at org.testng.internal.TestInvoker$MethodInvocationAgent.invoke(TestInvoker.java:804)
at org.testng.internal.TestInvoker.invokeTestMethods(TestInvoker.java:145)
at org.testng.internal.TestMethodWorker.invokeTestMethods(TestMethodWorker.java:146)
at org.testng.internal.TestMethodWorker.run(TestMethodWorker.java:128)
at java.util.ArrayList.forEach(ArrayList.java:1257)
at org.testng.TestRunner.privateRun(TestRunner.java:770)
at org.testng.TestRunner.run(TestRunner.java:591)
at org.testng.SuiteRunner.runTest(SuiteRunner.java:402)
at org.testng.SuiteRunner.runSequentially(SuiteRunner.java:396)
at org.testng.SuiteRunner.privateRun(SuiteRunner.java:355)
at org.testng.SuiteRunner.run(SuiteRunner.java:304)
at org.testng.SuiteRunnerWorker.runSuite(SuiteRunnerWorker.java:53)
at org.testng.SuiteRunnerWorker.run(SuiteRunnerWorker.java:96)
at org.testng.TestNG.runSuitesSequentially(TestNG.java:1180)
at org.testng.TestNG.runSuitesLocally(TestNG.java:1102)
at org.testng.TestNG.runSuites(TestNG.java:1032)
at org.testng.TestNG.run(TestNG.java:1000)
at org.testng.remote.AbstractRemoteTestNG.run(AbstractRemoteTestNG.java:115)
at org.testng.remote.RemoteTestNG.initAndRun(RemoteTestNG.java:251)
at org.testng.remote.RemoteTestNG.main(RemoteTestNG.java:77)
]]>
            </full-stacktrace>
          </exception> <!-- org.testng.SkipException -->
          <reporter-output>
          </reporter-output>
        </test-method> <!-- testSkipped -->
        <test-method status="PASS" signature="testSuccessfull()[pri:0, instance:hms.tests.TestClassUsingListener@3d8314f0]" name="testSuccessfull" duration-ms="3" started-at="2020-04-28T19:57:55 IST" finished-at="2020-04-28T19:57:55 IST">
          <reporter-output>
          </reporter-output>
        </test-method> <!-- testSuccessfull -->
        <test-method status="PASS" signature="afterClass()[pri:0, instance:hms.tests.TestClassUsingListener@3d8314f0]" name="afterClass" is-config="true" duration-ms="781" started-at="2020-04-28T19:57:55 IST" finished-at="2020-04-28T19:57:56 IST">
          <reporter-output>
          </reporter-output>
        </test-method> <!-- afterClass -->
      </class> <!-- hms.tests.TestClassUsingListener -->
    </test> <!-- Smoke Tests -->
  </suite> <!-- HMS Somke Regression Suite -->
</testng-results>
